09:45:32 **** Incremental Build of configuration Debug for project BUOY_FiRMWARE_F4 ****
Info: Internal Builder is used for build
arm-atollic-eabi-gcc -c ..\src\main.c -mthumb -mcpu=cortex-m4 -mfloat-abi=hard -mfpu=fpv4-sp-d16 -std=gnu11 -DSTM32F4XX -DSTM32F40XX -DUSE_STDPERIPH_DRIVER -DUSE_STM32F4_DISCOVERY -DHSE_VALUE=8000000 -I../src -I../Libraries/CMSIS/Include -I../Libraries/Device/STM32F4xx/Include -I../Libraries/STM32F4xx_StdPeriph_Driver/inc -I../Utilities/STM32F4-Discovery -O0 -ffunction-sections -fdata-sections -g -fstack-usage -Wall -o src\main.o 
arm-atollic-eabi-gcc -o BUOY_FiRMWARE_F4.elf Libraries\STM32F4xx_StdPeriph_Driver\src\misc.o Libraries\STM32F4xx_StdPeriph_Driver\src\stm32f4xx_adc.o Libraries\STM32F4xx_StdPeriph_Driver\src\stm32f4xx_can.o Libraries\STM32F4xx_StdPeriph_Driver\src\stm32f4xx_crc.o Libraries\STM32F4xx_StdPeriph_Driver\src\stm32f4xx_cryp.o Libraries\STM32F4xx_StdPeriph_Driver\src\stm32f4xx_cryp_aes.o Libraries\STM32F4xx_StdPeriph_Driver\src\stm32f4xx_cryp_des.o Libraries\STM32F4xx_StdPeriph_Driver\src\stm32f4xx_cryp_tdes.o Libraries\STM32F4xx_StdPeriph_Driver\src\stm32f4xx_dac.o Libraries\STM32F4xx_StdPeriph_Driver\src\stm32f4xx_dbgmcu.o Libraries\STM32F4xx_StdPeriph_Driver\src\stm32f4xx_dcmi.o Libraries\STM32F4xx_StdPeriph_Driver\src\stm32f4xx_dma.o Libraries\STM32F4xx_StdPeriph_Driver\src\stm32f4xx_exti.o Libraries\STM32F4xx_StdPeriph_Driver\src\stm32f4xx_flash.o Libraries\STM32F4xx_StdPeriph_Driver\src\stm32f4xx_fsmc.o Libraries\STM32F4xx_StdPeriph_Driver\src\stm32f4xx_gpio.o Libraries\STM32F4xx_StdPeriph_Driver\src\stm32f4xx_hash.o Libraries\STM32F4xx_StdPeriph_Driver\src\stm32f4xx_hash_md5.o Libraries\STM32F4xx_StdPeriph_Driver\src\stm32f4xx_hash_sha1.o Libraries\STM32F4xx_StdPeriph_Driver\src\stm32f4xx_i2c.o Libraries\STM32F4xx_StdPeriph_Driver\src\stm32f4xx_iwdg.o Libraries\STM32F4xx_StdPeriph_Driver\src\stm32f4xx_pwr.o Libraries\STM32F4xx_StdPeriph_Driver\src\stm32f4xx_rcc.o Libraries\STM32F4xx_StdPeriph_Driver\src\stm32f4xx_rng.o Libraries\STM32F4xx_StdPeriph_Driver\src\stm32f4xx_rtc.o Libraries\STM32F4xx_StdPeriph_Driver\src\stm32f4xx_sdio.o Libraries\STM32F4xx_StdPeriph_Driver\src\stm32f4xx_spi.o Libraries\STM32F4xx_StdPeriph_Driver\src\stm32f4xx_syscfg.o Libraries\STM32F4xx_StdPeriph_Driver\src\stm32f4xx_tim.o Libraries\STM32F4xx_StdPeriph_Driver\src\stm32f4xx_usart.o Libraries\STM32F4xx_StdPeriph_Driver\src\stm32f4xx_wwdg.o My_Libs\Delay.o My_Libs\GPS.o My_Libs\Iridium.o My_Libs\RTC.o My_Libs\eeprom.o My_Libs\tm_stm32f4_ds18b20.o My_Libs\tm_stm32f4_onewire.o My_Libs\tm_stm32f4_timer_properties.o Utilities\STM32F4-Discovery\stm32f4_discovery.o Utilities\STM32F4-Discovery\stm32f4_discovery_lis302dl.o src\main.o src\startup_stm32f40xx.o src\stm32f4xx_it.o src\system_stm32f4xx.o src\tiny_printf.o src\tm_stm32f4_delay.o src\tm_stm32f4_gpio.o -mthumb -mcpu=cortex-m4 -mfloat-abi=hard -mfpu=fpv4-sp-d16 -T..\stm32f4_flash.ld -Wl,--start-group -lc -lm -Wl,--end-group -specs=nosys.specs -static -Wl,-cref,-u,Reset_Handler -Wl,-Map=BUOY_FiRMWARE_F4.map -Wl,--gc-sections -Wl,--defsym=malloc_getpagesize_P=0x80 
C:\Program Files (x86)\Atollic\TrueSTUDIO for ARM 7.1.1\ide\jre\bin\java -jar C:\Program Files (x86)\Atollic\TrueSTUDIO for ARM 7.1.1\Tools\arm-atollic-reports.jar sizeinfo list C:\Users\user\Documents\GitHub\BouyDev\Firmware\New folder\BUOY_FiRMWARE_F4\Debug\BUOY_FiRMWARE_F4.elf 
Generate build reports...
Print size information
   text	   data	    bss	    dec	    hex	filename
  43428	   1516	   8492	  53436	   d0bc	C:\Users\user\Documents\GitHub\BouyDev\Firmware\New folder\BUOY_FiRMWARE_F4\Debug\BUOY_FiRMWARE_F4.elf
Print size information done
Generate listing file
Output sent to: C:\Users\user\Documents\GitHub\BouyDev\Firmware\New folder\BUOY_FiRMWARE_F4\Debug\BUOY_FiRMWARE_F4.list
Generate listing file done
Generate build reports done
Info: Nothing to build for BUOY_FiRMWARE_F4
09:47:46 **** Incremental Build of configuration Debug for project BUOY_FiRMWARE_F4 ****
Info: Internal Builder is used for build
arm-atollic-eabi-gcc -c ..\src\main.c -mthumb -mcpu=cortex-m4 -mfloat-abi=hard -mfpu=fpv4-sp-d16 -std=gnu11 -DSTM32F4XX -DSTM32F40XX -DUSE_STDPERIPH_DRIVER -DUSE_STM32F4_DISCOVERY -DHSE_VALUE=8000000 -I../src -I../Libraries/CMSIS/Include -I../Libraries/Device/STM32F4xx/Include -I../Libraries/STM32F4xx_StdPeriph_Driver/inc -I../Utilities/STM32F4-Discovery -O0 -ffunction-sections -fdata-sections -g -fstack-usage -Wall -o src\main.o 
arm-atollic-eabi-gcc -o BUOY_FiRMWARE_F4.elf Libraries\STM32F4xx_StdPeriph_Driver\src\misc.o Libraries\STM32F4xx_StdPeriph_Driver\src\stm32f4xx_adc.o Libraries\STM32F4xx_StdPeriph_Driver\src\stm32f4xx_can.o Libraries\STM32F4xx_StdPeriph_Driver\src\stm32f4xx_crc.o Libraries\STM32F4xx_StdPeriph_Driver\src\stm32f4xx_cryp.o Libraries\STM32F4xx_StdPeriph_Driver\src\stm32f4xx_cryp_aes.o Libraries\STM32F4xx_StdPeriph_Driver\src\stm32f4xx_cryp_des.o Libraries\STM32F4xx_StdPeriph_Driver\src\stm32f4xx_cryp_tdes.o Libraries\STM32F4xx_StdPeriph_Driver\src\stm32f4xx_dac.o Libraries\STM32F4xx_StdPeriph_Driver\src\stm32f4xx_dbgmcu.o Libraries\STM32F4xx_StdPeriph_Driver\src\stm32f4xx_dcmi.o Libraries\STM32F4xx_StdPeriph_Driver\src\stm32f4xx_dma.o Libraries\STM32F4xx_StdPeriph_Driver\src\stm32f4xx_exti.o Libraries\STM32F4xx_StdPeriph_Driver\src\stm32f4xx_flash.o Libraries\STM32F4xx_StdPeriph_Driver\src\stm32f4xx_fsmc.o Libraries\STM32F4xx_StdPeriph_Driver\src\stm32f4xx_gpio.o Libraries\STM32F4xx_StdPeriph_Driver\src\stm32f4xx_hash.o Libraries\STM32F4xx_StdPeriph_Driver\src\stm32f4xx_hash_md5.o Libraries\STM32F4xx_StdPeriph_Driver\src\stm32f4xx_hash_sha1.o Libraries\STM32F4xx_StdPeriph_Driver\src\stm32f4xx_i2c.o Libraries\STM32F4xx_StdPeriph_Driver\src\stm32f4xx_iwdg.o Libraries\STM32F4xx_StdPeriph_Driver\src\stm32f4xx_pwr.o Libraries\STM32F4xx_StdPeriph_Driver\src\stm32f4xx_rcc.o Libraries\STM32F4xx_StdPeriph_Driver\src\stm32f4xx_rng.o Libraries\STM32F4xx_StdPeriph_Driver\src\stm32f4xx_rtc.o Libraries\STM32F4xx_StdPeriph_Driver\src\stm32f4xx_sdio.o Libraries\STM32F4xx_StdPeriph_Driver\src\stm32f4xx_spi.o Libraries\STM32F4xx_StdPeriph_Driver\src\stm32f4xx_syscfg.o Libraries\STM32F4xx_StdPeriph_Driver\src\stm32f4xx_tim.o Libraries\STM32F4xx_StdPeriph_Driver\src\stm32f4xx_usart.o Libraries\STM32F4xx_StdPeriph_Driver\src\stm32f4xx_wwdg.o My_Libs\Delay.o My_Libs\GPS.o My_Libs\Iridium.o My_Libs\RTC.o My_Libs\eeprom.o My_Libs\tm_stm32f4_ds18b20.o My_Libs\tm_stm32f4_onewire.o My_Libs\tm_stm32f4_timer_properties.o Utilities\STM32F4-Discovery\stm32f4_discovery.o Utilities\STM32F4-Discovery\stm32f4_discovery_lis302dl.o src\main.o src\startup_stm32f40xx.o src\stm32f4xx_it.o src\system_stm32f4xx.o src\tiny_printf.o src\tm_stm32f4_delay.o src\tm_stm32f4_gpio.o -mthumb -mcpu=cortex-m4 -mfloat-abi=hard -mfpu=fpv4-sp-d16 -T..\stm32f4_flash.ld -Wl,--start-group -lc -lm -Wl,--end-group -specs=nosys.specs -static -Wl,-cref,-u,Reset_Handler -Wl,-Map=BUOY_FiRMWARE_F4.map -Wl,--gc-sections -Wl,--defsym=malloc_getpagesize_P=0x80 
C:\Program Files (x86)\Atollic\TrueSTUDIO for ARM 7.1.1\ide\jre\bin\java -jar C:\Program Files (x86)\Atollic\TrueSTUDIO for ARM 7.1.1\Tools\arm-atollic-reports.jar sizeinfo list C:\Users\user\Documents\GitHub\BouyDev\Firmware\New folder\BUOY_FiRMWARE_F4\Debug\BUOY_FiRMWARE_F4.elf 
Generate build reports...
Print size information
   text	   data	    bss	    dec	    hex	filename
  43436	   1516	   8492	  53444	   d0c4	C:\Users\user\Documents\GitHub\BouyDev\Firmware\New folder\BUOY_FiRMWARE_F4\Debug\BUOY_FiRMWARE_F4.elf
Print size information done
Generate listing file
Output sent to: C:\Users\user\Documents\GitHub\BouyDev\Firmware\New folder\BUOY_FiRMWARE_F4\Debug\BUOY_FiRMWARE_F4.list
Generate listing file done
Generate build reports done
Info: Nothing to build for BUOY_FiRMWARE_F4
09:49:33 **** Incremental Build of configuration Debug for project BUOY_FiRMWARE_F4 ****
Info: Internal Builder is used for build
arm-atollic-eabi-gcc -c ..\src\main.c -mthumb -mcpu=cortex-m4 -mfloat-abi=hard -mfpu=fpv4-sp-d16 -std=gnu11 -DSTM32F4XX -DSTM32F40XX -DUSE_STDPERIPH_DRIVER -DUSE_STM32F4_DISCOVERY -DHSE_VALUE=8000000 -I../src -I../Libraries/CMSIS/Include -I../Libraries/Device/STM32F4xx/Include -I../Libraries/STM32F4xx_StdPeriph_Driver/inc -I../Utilities/STM32F4-Discovery -O0 -ffunction-sections -fdata-sections -g -fstack-usage -Wall -o src\main.o 
arm-atollic-eabi-gcc -o BUOY_FiRMWARE_F4.elf Libraries\STM32F4xx_StdPeriph_Driver\src\misc.o Libraries\STM32F4xx_StdPeriph_Driver\src\stm32f4xx_adc.o Libraries\STM32F4xx_StdPeriph_Driver\src\stm32f4xx_can.o Libraries\STM32F4xx_StdPeriph_Driver\src\stm32f4xx_crc.o Libraries\STM32F4xx_StdPeriph_Driver\src\stm32f4xx_cryp.o Libraries\STM32F4xx_StdPeriph_Driver\src\stm32f4xx_cryp_aes.o Libraries\STM32F4xx_StdPeriph_Driver\src\stm32f4xx_cryp_des.o Libraries\STM32F4xx_StdPeriph_Driver\src\stm32f4xx_cryp_tdes.o Libraries\STM32F4xx_StdPeriph_Driver\src\stm32f4xx_dac.o Libraries\STM32F4xx_StdPeriph_Driver\src\stm32f4xx_dbgmcu.o Libraries\STM32F4xx_StdPeriph_Driver\src\stm32f4xx_dcmi.o Libraries\STM32F4xx_StdPeriph_Driver\src\stm32f4xx_dma.o Libraries\STM32F4xx_StdPeriph_Driver\src\stm32f4xx_exti.o Libraries\STM32F4xx_StdPeriph_Driver\src\stm32f4xx_flash.o Libraries\STM32F4xx_StdPeriph_Driver\src\stm32f4xx_fsmc.o Libraries\STM32F4xx_StdPeriph_Driver\src\stm32f4xx_gpio.o Libraries\STM32F4xx_StdPeriph_Driver\src\stm32f4xx_hash.o Libraries\STM32F4xx_StdPeriph_Driver\src\stm32f4xx_hash_md5.o Libraries\STM32F4xx_StdPeriph_Driver\src\stm32f4xx_hash_sha1.o Libraries\STM32F4xx_StdPeriph_Driver\src\stm32f4xx_i2c.o Libraries\STM32F4xx_StdPeriph_Driver\src\stm32f4xx_iwdg.o Libraries\STM32F4xx_StdPeriph_Driver\src\stm32f4xx_pwr.o Libraries\STM32F4xx_StdPeriph_Driver\src\stm32f4xx_rcc.o Libraries\STM32F4xx_StdPeriph_Driver\src\stm32f4xx_rng.o Libraries\STM32F4xx_StdPeriph_Driver\src\stm32f4xx_rtc.o Libraries\STM32F4xx_StdPeriph_Driver\src\stm32f4xx_sdio.o Libraries\STM32F4xx_StdPeriph_Driver\src\stm32f4xx_spi.o Libraries\STM32F4xx_StdPeriph_Driver\src\stm32f4xx_syscfg.o Libraries\STM32F4xx_StdPeriph_Driver\src\stm32f4xx_tim.o Libraries\STM32F4xx_StdPeriph_Driver\src\stm32f4xx_usart.o Libraries\STM32F4xx_StdPeriph_Driver\src\stm32f4xx_wwdg.o My_Libs\Delay.o My_Libs\GPS.o My_Libs\Iridium.o My_Libs\RTC.o My_Libs\eeprom.o My_Libs\tm_stm32f4_ds18b20.o My_Libs\tm_stm32f4_onewire.o My_Libs\tm_stm32f4_timer_properties.o Utilities\STM32F4-Discovery\stm32f4_discovery.o Utilities\STM32F4-Discovery\stm32f4_discovery_lis302dl.o src\main.o src\startup_stm32f40xx.o src\stm32f4xx_it.o src\system_stm32f4xx.o src\tiny_printf.o src\tm_stm32f4_delay.o src\tm_stm32f4_gpio.o -mthumb -mcpu=cortex-m4 -mfloat-abi=hard -mfpu=fpv4-sp-d16 -T..\stm32f4_flash.ld -Wl,--start-group -lc -lm -Wl,--end-group -specs=nosys.specs -static -Wl,-cref,-u,Reset_Handler -Wl,-Map=BUOY_FiRMWARE_F4.map -Wl,--gc-sections -Wl,--defsym=malloc_getpagesize_P=0x80 
C:\Program Files (x86)\Atollic\TrueSTUDIO for ARM 7.1.1\ide\jre\bin\java -jar C:\Program Files (x86)\Atollic\TrueSTUDIO for ARM 7.1.1\Tools\arm-atollic-reports.jar sizeinfo list C:\Users\user\Documents\GitHub\BouyDev\Firmware\New folder\BUOY_FiRMWARE_F4\Debug\BUOY_FiRMWARE_F4.elf 
Generate build reports...
Print size information
   text	   data	    bss	    dec	    hex	filename
  43436	   1516	   8492	  53444	   d0c4	C:\Users\user\Documents\GitHub\BouyDev\Firmware\New folder\BUOY_FiRMWARE_F4\Debug\BUOY_FiRMWARE_F4.elf
Print size information done
Generate listing file
Output sent to: C:\Users\user\Documents\GitHub\BouyDev\Firmware\New folder\BUOY_FiRMWARE_F4\Debug\BUOY_FiRMWARE_F4.list
Generate listing file done
Generate build reports done
09:50:40 **** Incremental Build of configuration Debug for project BUOY_FiRMWARE_F4 ****
Info: Internal Builder is used for build
arm-atollic-eabi-gcc -c ..\src\main.c -mthumb -mcpu=cortex-m4 -mfloat-abi=hard -mfpu=fpv4-sp-d16 -std=gnu11 -DSTM32F4XX -DSTM32F40XX -DUSE_STDPERIPH_DRIVER -DUSE_STM32F4_DISCOVERY -DHSE_VALUE=8000000 -I../src -I../Libraries/CMSIS/Include -I../Libraries/Device/STM32F4xx/Include -I../Libraries/STM32F4xx_StdPeriph_Driver/inc -I../Utilities/STM32F4-Discovery -O0 -ffunction-sections -fdata-sections -g -fstack-usage -Wall -o src\main.o 
arm-atollic-eabi-gcc -o BUOY_FiRMWARE_F4.elf Libraries\STM32F4xx_StdPeriph_Driver\src\misc.o Libraries\STM32F4xx_StdPeriph_Driver\src\stm32f4xx_adc.o Libraries\STM32F4xx_StdPeriph_Driver\src\stm32f4xx_can.o Libraries\STM32F4xx_StdPeriph_Driver\src\stm32f4xx_crc.o Libraries\STM32F4xx_StdPeriph_Driver\src\stm32f4xx_cryp.o Libraries\STM32F4xx_StdPeriph_Driver\src\stm32f4xx_cryp_aes.o Libraries\STM32F4xx_StdPeriph_Driver\src\stm32f4xx_cryp_des.o Libraries\STM32F4xx_StdPeriph_Driver\src\stm32f4xx_cryp_tdes.o Libraries\STM32F4xx_StdPeriph_Driver\src\stm32f4xx_dac.o Libraries\STM32F4xx_StdPeriph_Driver\src\stm32f4xx_dbgmcu.o Libraries\STM32F4xx_StdPeriph_Driver\src\stm32f4xx_dcmi.o Libraries\STM32F4xx_StdPeriph_Driver\src\stm32f4xx_dma.o Libraries\STM32F4xx_StdPeriph_Driver\src\stm32f4xx_exti.o Libraries\STM32F4xx_StdPeriph_Driver\src\stm32f4xx_flash.o Libraries\STM32F4xx_StdPeriph_Driver\src\stm32f4xx_fsmc.o Libraries\STM32F4xx_StdPeriph_Driver\src\stm32f4xx_gpio.o Libraries\STM32F4xx_StdPeriph_Driver\src\stm32f4xx_hash.o Libraries\STM32F4xx_StdPeriph_Driver\src\stm32f4xx_hash_md5.o Libraries\STM32F4xx_StdPeriph_Driver\src\stm32f4xx_hash_sha1.o Libraries\STM32F4xx_StdPeriph_Driver\src\stm32f4xx_i2c.o Libraries\STM32F4xx_StdPeriph_Driver\src\stm32f4xx_iwdg.o Libraries\STM32F4xx_StdPeriph_Driver\src\stm32f4xx_pwr.o Libraries\STM32F4xx_StdPeriph_Driver\src\stm32f4xx_rcc.o Libraries\STM32F4xx_StdPeriph_Driver\src\stm32f4xx_rng.o Libraries\STM32F4xx_StdPeriph_Driver\src\stm32f4xx_rtc.o Libraries\STM32F4xx_StdPeriph_Driver\src\stm32f4xx_sdio.o Libraries\STM32F4xx_StdPeriph_Driver\src\stm32f4xx_spi.o Libraries\STM32F4xx_StdPeriph_Driver\src\stm32f4xx_syscfg.o Libraries\STM32F4xx_StdPeriph_Driver\src\stm32f4xx_tim.o Libraries\STM32F4xx_StdPeriph_Driver\src\stm32f4xx_usart.o Libraries\STM32F4xx_StdPeriph_Driver\src\stm32f4xx_wwdg.o My_Libs\Delay.o My_Libs\GPS.o My_Libs\Iridium.o My_Libs\RTC.o My_Libs\eeprom.o My_Libs\tm_stm32f4_ds18b20.o My_Libs\tm_stm32f4_onewire.o My_Libs\tm_stm32f4_timer_properties.o Utilities\STM32F4-Discovery\stm32f4_discovery.o Utilities\STM32F4-Discovery\stm32f4_discovery_lis302dl.o src\main.o src\startup_stm32f40xx.o src\stm32f4xx_it.o src\system_stm32f4xx.o src\tiny_printf.o src\tm_stm32f4_delay.o src\tm_stm32f4_gpio.o -mthumb -mcpu=cortex-m4 -mfloat-abi=hard -mfpu=fpv4-sp-d16 -T..\stm32f4_flash.ld -Wl,--start-group -lc -lm -Wl,--end-group -specs=nosys.specs -static -Wl,-cref,-u,Reset_Handler -Wl,-Map=BUOY_FiRMWARE_F4.map -Wl,--gc-sections -Wl,--defsym=malloc_getpagesize_P=0x80 
C:\Program Files (x86)\Atollic\TrueSTUDIO for ARM 7.1.1\ide\jre\bin\java -jar C:\Program Files (x86)\Atollic\TrueSTUDIO for ARM 7.1.1\Tools\arm-atollic-reports.jar sizeinfo list C:\Users\user\Documents\GitHub\BouyDev\Firmware\New folder\BUOY_FiRMWARE_F4\Debug\BUOY_FiRMWARE_F4.elf 
Generate build reports...
Print size information
   text	   data	    bss	    dec	    hex	filename
  43428	   1516	   8492	  53436	   d0bc	C:\Users\user\Documents\GitHub\BouyDev\Firmware\New folder\BUOY_FiRMWARE_F4\Debug\BUOY_FiRMWARE_F4.elf
Print size information done
Generate listing file
Output sent to: C:\Users\user\Documents\GitHub\BouyDev\Firmware\New folder\BUOY_FiRMWARE_F4\Debug\BUOY_FiRMWARE_F4.list
Generate listing file done
Generate build reports done
Info: Nothing to build for BUOY_FiRMWARE_F4
10:02:56 **** Incremental Build of configuration Debug for project BUOY_FiRMWARE_F4 ****
Info: Internal Builder is used for build
arm-atollic-eabi-gcc -c ..\src\main.c -mthumb -mcpu=cortex-m4 -mfloat-abi=hard -mfpu=fpv4-sp-d16 -std=gnu11 -DSTM32F4XX -DSTM32F40XX -DUSE_STDPERIPH_DRIVER -DUSE_STM32F4_DISCOVERY -DHSE_VALUE=8000000 -I../src -I../Libraries/CMSIS/Include -I../Libraries/Device/STM32F4xx/Include -I../Libraries/STM32F4xx_StdPeriph_Driver/inc -I../Utilities/STM32F4-Discovery -O0 -ffunction-sections -fdata-sections -g -fstack-usage -Wall -o src\main.o 
..\src\main.c: In function 'main':
..\src\main.c:257:24: error: 'temp_log' undeclared (first use in this function)
    send_Binary_Message(temp_log,length(temp_log));
                        ^
..\src\main.c:257:24: note: each undeclared identifier is reported only once for each function it appears in
..\src\main.c:244:12: warning: unused variable 'tx_error' [-Wunused-variable]
     int8_t tx_error;
            ^
10:03:16 **** Incremental Build of configuration Debug for project BUOY_FiRMWARE_F4 ****
Info: Internal Builder is used for build
arm-atollic-eabi-gcc -c ..\src\main.c -mthumb -mcpu=cortex-m4 -mfloat-abi=hard -mfpu=fpv4-sp-d16 -std=gnu11 -DSTM32F4XX -DSTM32F40XX -DUSE_STDPERIPH_DRIVER -DUSE_STM32F4_DISCOVERY -DHSE_VALUE=8000000 -I../src -I../Libraries/CMSIS/Include -I../Libraries/Device/STM32F4xx/Include -I../Libraries/STM32F4xx_StdPeriph_Driver/inc -I../Utilities/STM32F4-Discovery -O0 -ffunction-sections -fdata-sections -g -fstack-usage -Wall -o src\main.o 
..\src\main.c: In function 'main':
..\src\main.c:244:22: error: 'size' undeclared (first use in this function)
     uint8_t temp_log[size*numpackets];
                      ^
..\src\main.c:244:22: note: each undeclared identifier is reported only once for each function it appears in
..\src\main.c:244:27: error: 'numpackets' undeclared (first use in this function)
     uint8_t temp_log[size*numpackets];
                           ^
..\src\main.c:249:14: warning: unused variable 'numpackets' [-Wunused-variable]
     uint32_t numpackets = length(VirtAddVarTab);
              ^
..\src\main.c:244:13: warning: unused variable 'temp_log' [-Wunused-variable]
     uint8_t temp_log[size*numpackets];
             ^
10:03:38 **** Incremental Build of configuration Debug for project BUOY_FiRMWARE_F4 ****
Info: Internal Builder is used for build
arm-atollic-eabi-gcc -c ..\src\main.c -mthumb -mcpu=cortex-m4 -mfloat-abi=hard -mfpu=fpv4-sp-d16 -std=gnu11 -DSTM32F4XX -DSTM32F40XX -DUSE_STDPERIPH_DRIVER -DUSE_STM32F4_DISCOVERY -DHSE_VALUE=8000000 -I../src -I../Libraries/CMSIS/Include -I../Libraries/Device/STM32F4xx/Include -I../Libraries/STM32F4xx_StdPeriph_Driver/inc -I../Utilities/STM32F4-Discovery -O0 -ffunction-sections -fdata-sections -g -fstack-usage -Wall -o src\main.o 
arm-atollic-eabi-gcc -o BUOY_FiRMWARE_F4.elf Libraries\STM32F4xx_StdPeriph_Driver\src\misc.o Libraries\STM32F4xx_StdPeriph_Driver\src\stm32f4xx_adc.o Libraries\STM32F4xx_StdPeriph_Driver\src\stm32f4xx_can.o Libraries\STM32F4xx_StdPeriph_Driver\src\stm32f4xx_crc.o Libraries\STM32F4xx_StdPeriph_Driver\src\stm32f4xx_cryp.o Libraries\STM32F4xx_StdPeriph_Driver\src\stm32f4xx_cryp_aes.o Libraries\STM32F4xx_StdPeriph_Driver\src\stm32f4xx_cryp_des.o Libraries\STM32F4xx_StdPeriph_Driver\src\stm32f4xx_cryp_tdes.o Libraries\STM32F4xx_StdPeriph_Driver\src\stm32f4xx_dac.o Libraries\STM32F4xx_StdPeriph_Driver\src\stm32f4xx_dbgmcu.o Libraries\STM32F4xx_StdPeriph_Driver\src\stm32f4xx_dcmi.o Libraries\STM32F4xx_StdPeriph_Driver\src\stm32f4xx_dma.o Libraries\STM32F4xx_StdPeriph_Driver\src\stm32f4xx_exti.o Libraries\STM32F4xx_StdPeriph_Driver\src\stm32f4xx_flash.o Libraries\STM32F4xx_StdPeriph_Driver\src\stm32f4xx_fsmc.o Libraries\STM32F4xx_StdPeriph_Driver\src\stm32f4xx_gpio.o Libraries\STM32F4xx_StdPeriph_Driver\src\stm32f4xx_hash.o Libraries\STM32F4xx_StdPeriph_Driver\src\stm32f4xx_hash_md5.o Libraries\STM32F4xx_StdPeriph_Driver\src\stm32f4xx_hash_sha1.o Libraries\STM32F4xx_StdPeriph_Driver\src\stm32f4xx_i2c.o Libraries\STM32F4xx_StdPeriph_Driver\src\stm32f4xx_iwdg.o Libraries\STM32F4xx_StdPeriph_Driver\src\stm32f4xx_pwr.o Libraries\STM32F4xx_StdPeriph_Driver\src\stm32f4xx_rcc.o Libraries\STM32F4xx_StdPeriph_Driver\src\stm32f4xx_rng.o Libraries\STM32F4xx_StdPeriph_Driver\src\stm32f4xx_rtc.o Libraries\STM32F4xx_StdPeriph_Driver\src\stm32f4xx_sdio.o Libraries\STM32F4xx_StdPeriph_Driver\src\stm32f4xx_spi.o Libraries\STM32F4xx_StdPeriph_Driver\src\stm32f4xx_syscfg.o Libraries\STM32F4xx_StdPeriph_Driver\src\stm32f4xx_tim.o Libraries\STM32F4xx_StdPeriph_Driver\src\stm32f4xx_usart.o Libraries\STM32F4xx_StdPeriph_Driver\src\stm32f4xx_wwdg.o My_Libs\Delay.o My_Libs\GPS.o My_Libs\Iridium.o My_Libs\RTC.o My_Libs\eeprom.o My_Libs\tm_stm32f4_ds18b20.o My_Libs\tm_stm32f4_onewire.o My_Libs\tm_stm32f4_timer_properties.o Utilities\STM32F4-Discovery\stm32f4_discovery.o Utilities\STM32F4-Discovery\stm32f4_discovery_lis302dl.o src\main.o src\startup_stm32f40xx.o src\stm32f4xx_it.o src\system_stm32f4xx.o src\tiny_printf.o src\tm_stm32f4_delay.o src\tm_stm32f4_gpio.o -mthumb -mcpu=cortex-m4 -mfloat-abi=hard -mfpu=fpv4-sp-d16 -T..\stm32f4_flash.ld -Wl,--start-group -lc -lm -Wl,--end-group -specs=nosys.specs -static -Wl,-cref,-u,Reset_Handler -Wl,-Map=BUOY_FiRMWARE_F4.map -Wl,--gc-sections -Wl,--defsym=malloc_getpagesize_P=0x80 
C:\Program Files (x86)\Atollic\TrueSTUDIO for ARM 7.1.1\ide\jre\bin\java -jar C:\Program Files (x86)\Atollic\TrueSTUDIO for ARM 7.1.1\Tools\arm-atollic-reports.jar sizeinfo list C:\Users\user\Documents\GitHub\BouyDev\Firmware\New folder\BUOY_FiRMWARE_F4\Debug\BUOY_FiRMWARE_F4.elf 
Generate build reports...
Print size information
   text	   data	    bss	    dec	    hex	filename
  43548	   1516	   8492	  53556	   d134	C:\Users\user\Documents\GitHub\BouyDev\Firmware\New folder\BUOY_FiRMWARE_F4\Debug\BUOY_FiRMWARE_F4.elf
Print size information done
Generate listing file
Output sent to: C:\Users\user\Documents\GitHub\BouyDev\Firmware\New folder\BUOY_FiRMWARE_F4\Debug\BUOY_FiRMWARE_F4.list
Generate listing file done
Generate build reports done
10:04:20 **** Incremental Build of configuration Debug for project BUOY_FiRMWARE_F4 ****
Info: Internal Builder is used for build
arm-atollic-eabi-gcc -c ..\src\main.c -mthumb -mcpu=cortex-m4 -mfloat-abi=hard -mfpu=fpv4-sp-d16 -std=gnu11 -DSTM32F4XX -DSTM32F40XX -DUSE_STDPERIPH_DRIVER -DUSE_STM32F4_DISCOVERY -DHSE_VALUE=8000000 -I../src -I../Libraries/CMSIS/Include -I../Libraries/Device/STM32F4xx/Include -I../Libraries/STM32F4xx_StdPeriph_Driver/inc -I../Utilities/STM32F4-Discovery -O0 -ffunction-sections -fdata-sections -g -fstack-usage -Wall -o src\main.o 
arm-atollic-eabi-gcc -o BUOY_FiRMWARE_F4.elf Libraries\STM32F4xx_StdPeriph_Driver\src\misc.o Libraries\STM32F4xx_StdPeriph_Driver\src\stm32f4xx_adc.o Libraries\STM32F4xx_StdPeriph_Driver\src\stm32f4xx_can.o Libraries\STM32F4xx_StdPeriph_Driver\src\stm32f4xx_crc.o Libraries\STM32F4xx_StdPeriph_Driver\src\stm32f4xx_cryp.o Libraries\STM32F4xx_StdPeriph_Driver\src\stm32f4xx_cryp_aes.o Libraries\STM32F4xx_StdPeriph_Driver\src\stm32f4xx_cryp_des.o Libraries\STM32F4xx_StdPeriph_Driver\src\stm32f4xx_cryp_tdes.o Libraries\STM32F4xx_StdPeriph_Driver\src\stm32f4xx_dac.o Libraries\STM32F4xx_StdPeriph_Driver\src\stm32f4xx_dbgmcu.o Libraries\STM32F4xx_StdPeriph_Driver\src\stm32f4xx_dcmi.o Libraries\STM32F4xx_StdPeriph_Driver\src\stm32f4xx_dma.o Libraries\STM32F4xx_StdPeriph_Driver\src\stm32f4xx_exti.o Libraries\STM32F4xx_StdPeriph_Driver\src\stm32f4xx_flash.o Libraries\STM32F4xx_StdPeriph_Driver\src\stm32f4xx_fsmc.o Libraries\STM32F4xx_StdPeriph_Driver\src\stm32f4xx_gpio.o Libraries\STM32F4xx_StdPeriph_Driver\src\stm32f4xx_hash.o Libraries\STM32F4xx_StdPeriph_Driver\src\stm32f4xx_hash_md5.o Libraries\STM32F4xx_StdPeriph_Driver\src\stm32f4xx_hash_sha1.o Libraries\STM32F4xx_StdPeriph_Driver\src\stm32f4xx_i2c.o Libraries\STM32F4xx_StdPeriph_Driver\src\stm32f4xx_iwdg.o Libraries\STM32F4xx_StdPeriph_Driver\src\stm32f4xx_pwr.o Libraries\STM32F4xx_StdPeriph_Driver\src\stm32f4xx_rcc.o Libraries\STM32F4xx_StdPeriph_Driver\src\stm32f4xx_rng.o Libraries\STM32F4xx_StdPeriph_Driver\src\stm32f4xx_rtc.o Libraries\STM32F4xx_StdPeriph_Driver\src\stm32f4xx_sdio.o Libraries\STM32F4xx_StdPeriph_Driver\src\stm32f4xx_spi.o Libraries\STM32F4xx_StdPeriph_Driver\src\stm32f4xx_syscfg.o Libraries\STM32F4xx_StdPeriph_Driver\src\stm32f4xx_tim.o Libraries\STM32F4xx_StdPeriph_Driver\src\stm32f4xx_usart.o Libraries\STM32F4xx_StdPeriph_Driver\src\stm32f4xx_wwdg.o My_Libs\Delay.o My_Libs\GPS.o My_Libs\Iridium.o My_Libs\RTC.o My_Libs\eeprom.o My_Libs\tm_stm32f4_ds18b20.o My_Libs\tm_stm32f4_onewire.o My_Libs\tm_stm32f4_timer_properties.o Utilities\STM32F4-Discovery\stm32f4_discovery.o Utilities\STM32F4-Discovery\stm32f4_discovery_lis302dl.o src\main.o src\startup_stm32f40xx.o src\stm32f4xx_it.o src\system_stm32f4xx.o src\tiny_printf.o src\tm_stm32f4_delay.o src\tm_stm32f4_gpio.o -mthumb -mcpu=cortex-m4 -mfloat-abi=hard -mfpu=fpv4-sp-d16 -T..\stm32f4_flash.ld -Wl,--start-group -lc -lm -Wl,--end-group -specs=nosys.specs -static -Wl,-cref,-u,Reset_Handler -Wl,-Map=BUOY_FiRMWARE_F4.map -Wl,--gc-sections -Wl,--defsym=malloc_getpagesize_P=0x80 
C:\Program Files (x86)\Atollic\TrueSTUDIO for ARM 7.1.1\ide\jre\bin\java -jar C:\Program Files (x86)\Atollic\TrueSTUDIO for ARM 7.1.1\Tools\arm-atollic-reports.jar sizeinfo list C:\Users\user\Documents\GitHub\BouyDev\Firmware\New folder\BUOY_FiRMWARE_F4\Debug\BUOY_FiRMWARE_F4.elf 
Generate build reports...
Print size information
   text	   data	    bss	    dec	    hex	filename
  43548	   1516	   8492	  53556	   d134	C:\Users\user\Documents\GitHub\BouyDev\Firmware\New folder\BUOY_FiRMWARE_F4\Debug\BUOY_FiRMWARE_F4.elf
Print size information done
Generate listing file
Output sent to: C:\Users\user\Documents\GitHub\BouyDev\Firmware\New folder\BUOY_FiRMWARE_F4\Debug\BUOY_FiRMWARE_F4.list
Generate listing file done
Generate build reports done
Info: Nothing to build for BUOY_FiRMWARE_F4
